2019-03-02 20:14:27,007-BrowserEngine-INFO-The test server url is :Chrome
2019-03-02 20:14:27,008-BrowserEngine-INFO-The test server url is :http://127.0.0.1/forum.php
2019-03-02 20:14:30,132-BrowserEngine-INFO-Starting Chrome browser.
2019-03-02 20:14:30,734-BrowserEngine-INFO-Open url:http://127.0.0.1/forum.php
2019-03-02 20:14:31,869-BrowserEngine-INFO-Maximize the current window.
2019-03-02 20:14:31,873-BrowserEngine-INFO-Set implicitly wate 10 seconds.
2019-03-02 20:14:32,052-BasePage-INFO-输入内容hemei
2019-03-02 20:14:32,233-BasePage-INFO-输入内容hemeihua
2019-03-02 20:14:32,399-BasePage-INFO-this element 登录 was clicked
2019-03-02 20:14:32,945-BasePage-INFO-Had take screenshot and save to folder:/screenshots
2019-03-02 20:14:35,616-BasePage-ERROR-Failed to click the element with Message: stale element reference: element is not attached to the page document
  (Session info: chrome=71.0.3554.0)
  (Driver info: chromedriver=2.41.578737 (49da6702b16031c40d63e5618de03a32ff6c197e),platform=Windows NT 10.0.15063 x86_64)

2019-03-02 20:14:36,023-BasePage-INFO-Had take screenshot and save to folder:/screenshots
2019-03-02 20:14:36,270-BasePage-INFO-输入内容hhhhhh
2019-03-02 20:14:36,619-BasePage-INFO-输入内容mmmmhhhhhhhhhhhhhhmm
2019-03-02 20:14:38,979-BasePage-ERROR-Failed to click the element with Message: stale element reference: element is not attached to the page document
  (Session info: chrome=71.0.3554.0)
  (Driver info: chromedriver=2.41.578737 (49da6702b16031c40d63e5618de03a32ff6c197e),platform=Windows NT 10.0.15063 x86_64)

2019-03-02 20:14:39,345-BasePage-INFO-Had take screenshot and save to folder:/screenshots
2019-03-02 20:14:41,677-BasePage-INFO-输入内容ii这是个好办法iii
2019-03-02 20:14:42,215-BasePage-INFO-this element 发表回复 was clicked
2019-03-02 20:14:42,601-BasePage-INFO-Had take screenshot and save to folder:/screenshots
2019-03-02 20:14:45,013-BasePage-ERROR-Failed to click the element with Message: stale element reference: element is not attached to the page document
  (Session info: chrome=71.0.3554.0)
  (Driver info: chromedriver=2.41.578737 (49da6702b16031c40d63e5618de03a32ff6c197e),platform=Windows NT 10.0.15063 x86_64)

2019-03-02 20:14:45,344-BasePage-INFO-Had take screenshot and save to folder:/screenshots
2019-03-02 20:14:54,077-BrowserEngine-INFO-The test server url is :Chrome
2019-03-02 20:14:54,077-BrowserEngine-INFO-The test server url is :http://127.0.0.1/forum.php
2019-03-02 20:14:56,916-BrowserEngine-INFO-Starting Chrome browser.
2019-03-02 20:14:57,582-BrowserEngine-INFO-Open url:http://127.0.0.1/forum.php
2019-03-02 20:14:58,713-BrowserEngine-INFO-Maximize the current window.
2019-03-02 20:14:58,720-BrowserEngine-INFO-Set implicitly wate 10 seconds.
2019-03-02 20:14:58,946-BasePage-INFO-输入内容hemei
2019-03-02 20:14:59,112-BasePage-INFO-输入内容hemeihua
2019-03-02 20:14:59,265-BasePage-INFO-this element 登录 was clicked
2019-03-02 20:14:59,957-BasePage-INFO-Had take screenshot and save to folder:/screenshots
2019-03-02 20:15:02,156-BasePage-INFO-输入内容haotest
2019-03-02 20:15:02,424-BasePage-INFO-this element  was clicked
2019-03-02 20:15:02,970-BasePage-INFO-Had take screenshot and save to folder:/screenshots
2019-03-02 20:15:08,375-BasePage-INFO-Had take screenshot and save to folder:/screenshots
2019-03-02 20:15:11,022-BasePage-ERROR-Failed to click the element with Message: stale element reference: element is not attached to the page document
  (Session info: chrome=71.0.3554.0)
  (Driver info: chromedriver=2.41.578737 (49da6702b16031c40d63e5618de03a32ff6c197e),platform=Windows NT 10.0.15063 x86_64)

2019-03-02 20:15:11,371-BasePage-INFO-Had take screenshot and save to folder:/screenshots
