2019-02-28 21:04:08,113-BrowserEngine-INFO-The test server url is :Chrome
2019-02-28 21:04:08,113-BrowserEngine-INFO-The test server url is :http://127.0.0.1/forum.php
2019-02-28 21:04:11,129-BrowserEngine-INFO-Starting Chrome browser.
2019-02-28 21:04:11,831-BrowserEngine-INFO-Open url:http://127.0.0.1/forum.php
2019-02-28 21:04:12,966-BrowserEngine-INFO-Maximize the current window.
2019-02-28 21:04:12,968-BrowserEngine-INFO-Set implicitly wate 10 seconds.
2019-02-28 21:04:13,130-BasePage-INFO-输入内容admin
2019-02-28 21:04:13,300-BasePage-INFO-输入内容hemeihua
2019-02-28 21:04:13,431-BasePage-INFO-this element 登录 was clicked
2019-02-28 21:04:14,016-BasePage-INFO-Had take screenshot and save to folder:/screenshots
2019-02-28 21:04:16,739-BasePage-ERROR-Failed to click the element with Message: stale element reference: element is not attached to the page document
  (Session info: chrome=71.0.3554.0)
  (Driver info: chromedriver=2.41.578737 (49da6702b16031c40d63e5618de03a32ff6c197e),platform=Windows NT 10.0.15063 x86_64)

2019-02-28 21:04:17,219-BasePage-INFO-Had take screenshot and save to folder:/screenshots
2019-02-28 21:04:19,965-BasePage-ERROR-Failed to click the element with Message: stale element reference: element is not attached to the page document
  (Session info: chrome=71.0.3554.0)
  (Driver info: chromedriver=2.41.578737 (49da6702b16031c40d63e5618de03a32ff6c197e),platform=Windows NT 10.0.15063 x86_64)

2019-02-28 21:04:20,355-BasePage-INFO-Had take screenshot and save to folder:/screenshots
2019-02-28 21:04:22,544-BasePage-INFO-输入内容title
2019-02-28 21:04:23,012-BasePage-INFO-输入内容good good good good good goodgoodgood goodgoodgood
2019-02-28 21:04:25,721-BasePage-ERROR-Failed to click the element with Message: stale element reference: element is not attached to the page document
  (Session info: chrome=71.0.3554.0)
  (Driver info: chromedriver=2.41.578737 (49da6702b16031c40d63e5618de03a32ff6c197e),platform=Windows NT 10.0.15063 x86_64)

2019-02-28 21:04:26,100-BasePage-INFO-Had take screenshot and save to folder:/screenshots
2019-02-28 21:04:28,308-BasePage-INFO-输入内容this is good
2019-02-28 21:04:28,538-BasePage-INFO-输入内容this not is good
2019-02-28 21:04:28,642-BasePage-INFO-输入内容1
2019-02-28 21:04:28,779-BasePage-INFO-this element  was clicked
2019-02-28 21:04:29,133-BasePage-INFO-Had take screenshot and save to folder:/screenshots
2019-02-28 21:04:31,280-BasePage-INFO-this element  was clicked
2019-02-28 21:04:31,611-BasePage-INFO-Had take screenshot and save to folder:/screenshots
2019-02-28 21:04:33,808-BasePage-INFO-this element 发起投票 was clicked
2019-02-28 21:04:35,071-BasePage-INFO-Had take screenshot and save to folder:/screenshots
2019-02-28 21:04:37,220-BasePage-INFO-this element  was clicked
2019-02-28 21:04:37,554-BasePage-INFO-Had take screenshot and save to folder:/screenshots
2019-02-28 21:04:38,358-BasePage-ERROR-Failed to click the element with Message: stale element reference: element is not attached to the page document
  (Session info: chrome=71.0.3554.0)
  (Driver info: chromedriver=2.41.578737 (49da6702b16031c40d63e5618de03a32ff6c197e),platform=Windows NT 10.0.15063 x86_64)

2019-02-28 21:04:38,716-BasePage-INFO-Had take screenshot and save to folder:/screenshots
2019-02-28 21:04:53,528-BrowserEngine-INFO-The test server url is :Chrome
2019-02-28 21:04:53,528-BrowserEngine-INFO-The test server url is :http://127.0.0.1/forum.php
2019-02-28 21:04:56,510-BrowserEngine-INFO-Starting Chrome browser.
2019-02-28 21:04:57,121-BrowserEngine-INFO-Open url:http://127.0.0.1/forum.php
2019-02-28 21:04:58,257-BrowserEngine-INFO-Maximize the current window.
2019-02-28 21:04:58,259-BrowserEngine-INFO-Set implicitly wate 10 seconds.
2019-02-28 21:04:58,416-BasePage-INFO-输入内容hemei
2019-02-28 21:04:58,569-BasePage-INFO-输入内容hemeihua
2019-02-28 21:04:58,700-BasePage-INFO-this element 登录 was clicked
2019-02-28 21:04:59,262-BasePage-INFO-Had take screenshot and save to folder:/screenshots
2019-02-28 21:05:01,900-BasePage-ERROR-Failed to click the element with Message: stale element reference: element is not attached to the page document
  (Session info: chrome=71.0.3554.0)
  (Driver info: chromedriver=2.41.578737 (49da6702b16031c40d63e5618de03a32ff6c197e),platform=Windows NT 10.0.15063 x86_64)

2019-02-28 21:05:02,422-BasePage-INFO-Had take screenshot and save to folder:/screenshots
2019-02-28 21:05:02,639-BasePage-INFO-输入内容hhhhhh
2019-02-28 21:05:02,933-BasePage-INFO-输入内容mmmmhhhhhhhhhhhhhhmm
2019-02-28 21:05:04,587-BasePage-ERROR-Failed to click the element with Message: stale element reference: element is not attached to the page document
  (Session info: chrome=71.0.3554.0)
  (Driver info: chromedriver=2.41.578737 (49da6702b16031c40d63e5618de03a32ff6c197e),platform=Windows NT 10.0.15063 x86_64)

2019-02-28 21:05:05,003-BasePage-INFO-Had take screenshot and save to folder:/screenshots
2019-02-28 21:05:07,279-BasePage-INFO-输入内容ii这是个好办法iii
2019-02-28 21:05:07,648-BasePage-INFO-this element 发表回复 was clicked
2019-02-28 21:05:08,023-BasePage-INFO-Had take screenshot and save to folder:/screenshots
2019-02-28 21:05:10,725-BasePage-ERROR-Failed to click the element with Message: stale element reference: element is not attached to the page document
  (Session info: chrome=71.0.3554.0)
  (Driver info: chromedriver=2.41.578737 (49da6702b16031c40d63e5618de03a32ff6c197e),platform=Windows NT 10.0.15063 x86_64)

2019-02-28 21:05:11,071-BasePage-INFO-Had take screenshot and save to folder:/screenshots
2019-02-28 21:05:13,661-BrowserEngine-INFO-The test server url is :Chrome
2019-02-28 21:05:13,661-BrowserEngine-INFO-The test server url is :http://127.0.0.1/forum.php
2019-02-28 21:05:16,610-BrowserEngine-INFO-Starting Chrome browser.
2019-02-28 21:05:17,252-BrowserEngine-INFO-Open url:http://127.0.0.1/forum.php
2019-02-28 21:05:18,388-BrowserEngine-INFO-Maximize the current window.
2019-02-28 21:05:18,391-BrowserEngine-INFO-Set implicitly wate 10 seconds.
2019-02-28 21:05:18,585-BasePage-INFO-输入内容admin
2019-02-28 21:05:18,801-BasePage-INFO-输入内容hemeihua
2019-02-28 21:05:18,961-BasePage-INFO-this element 登录 was clicked
2019-02-28 21:05:19,636-BasePage-INFO-Had take screenshot and save to folder:/screenshots
2019-02-28 21:05:22,644-BasePage-ERROR-Failed to click the element with Message: stale element reference: element is not attached to the page document
  (Session info: chrome=71.0.3554.0)
  (Driver info: chromedriver=2.41.578737 (49da6702b16031c40d63e5618de03a32ff6c197e),platform=Windows NT 10.0.15063 x86_64)

2019-02-28 21:05:23,117-BasePage-INFO-Had take screenshot and save to folder:/screenshots
2019-02-28 21:05:23,435-BasePage-INFO-this element  was clicked
2019-02-28 21:05:23,864-BasePage-INFO-Had take screenshot and save to folder:/screenshots
2019-02-28 21:05:24,570-BasePage-INFO-this element 删除 was clicked
2019-02-28 21:05:25,077-BasePage-INFO-Had take screenshot and save to folder:/screenshots
2019-02-28 21:05:26,018-BasePage-ERROR-Failed to click the element with Message: stale element reference: element is not attached to the page document
  (Session info: chrome=71.0.3554.0)
  (Driver info: chromedriver=2.41.578737 (49da6702b16031c40d63e5618de03a32ff6c197e),platform=Windows NT 10.0.15063 x86_64)

2019-02-28 21:05:26,478-BasePage-INFO-Had take screenshot and save to folder:/screenshots
2019-02-28 21:05:28,751-BasePage-INFO-this element 管理中心 was clicked
2019-02-28 21:05:29,296-BasePage-INFO-Had take screenshot and save to folder:/screenshots
2019-02-28 21:05:37,563-BasePage-INFO-输入内容hemeihua
2019-02-28 21:06:08,143-BasePage-ERROR-Failed to click the element with Message: stale element reference: element is not attached to the page document
  (Session info: chrome=71.0.3554.0)
  (Driver info: chromedriver=2.41.578737 (49da6702b16031c40d63e5618de03a32ff6c197e),platform=Windows NT 10.0.15063 x86_64)

2019-02-28 21:06:08,506-BasePage-INFO-Had take screenshot and save to folder:/screenshots
2019-02-28 21:06:10,944-BasePage-INFO-this element 论坛 was clicked
2019-02-28 21:06:11,328-BasePage-INFO-Had take screenshot and save to folder:/screenshots
2019-02-28 21:06:15,630-BasePage-INFO-this element 添加新版块 was clicked
2019-02-28 21:06:15,984-BasePage-INFO-Had take screenshot and save to folder:/screenshots
2019-02-28 21:06:18,170-BasePage-INFO-输入内容nows
2019-02-28 21:06:20,563-BasePage-ERROR-Failed to click the element with Message: stale element reference: element is not attached to the page document
  (Session info: chrome=71.0.3554.0)
  (Driver info: chromedriver=2.41.578737 (49da6702b16031c40d63e5618de03a32ff6c197e),platform=Windows NT 10.0.15063 x86_64)

2019-02-28 21:06:20,900-BasePage-INFO-Had take screenshot and save to folder:/screenshots
2019-02-28 21:06:23,554-BasePage-ERROR-Failed to click the element with Message: stale element reference: element is not attached to the page document
  (Session info: chrome=71.0.3554.0)
  (Driver info: chromedriver=2.41.578737 (49da6702b16031c40d63e5618de03a32ff6c197e),platform=Windows NT 10.0.15063 x86_64)

2019-02-28 21:06:23,902-BasePage-INFO-Had take screenshot and save to folder:/screenshots
2019-02-28 21:06:31,393-BasePage-ERROR-Failed to click the element with Message: stale element reference: element is not attached to the page document
  (Session info: chrome=71.0.3554.0)
  (Driver info: chromedriver=2.41.578737 (49da6702b16031c40d63e5618de03a32ff6c197e),platform=Windows NT 10.0.15063 x86_64)

2019-02-28 21:06:31,746-BasePage-INFO-Had take screenshot and save to folder:/screenshots
2019-02-28 21:06:32,212-BasePage-ERROR-Failed to click the element with Message: stale element reference: element is not attached to the page document
  (Session info: chrome=71.0.3554.0)
  (Driver info: chromedriver=2.41.578737 (49da6702b16031c40d63e5618de03a32ff6c197e),platform=Windows NT 10.0.15063 x86_64)

2019-02-28 21:06:32,559-BasePage-INFO-Had take screenshot and save to folder:/screenshots
2019-02-28 21:06:34,740-BasePage-INFO-输入内容hemei
2019-02-28 21:06:34,963-BasePage-INFO-输入内容hemeihua
2019-02-28 21:06:35,113-BasePage-INFO-this element 登录 was clicked
2019-02-28 21:06:35,655-BasePage-INFO-Had take screenshot and save to folder:/screenshots
2019-02-28 21:06:39,127-BasePage-ERROR-Failed to click the element with Message: stale element reference: element is not attached to the page document
  (Session info: chrome=71.0.3554.0)
  (Driver info: chromedriver=2.41.578737 (49da6702b16031c40d63e5618de03a32ff6c197e),platform=Windows NT 10.0.15063 x86_64)

2019-02-28 21:06:39,492-BasePage-INFO-Had take screenshot and save to folder:/screenshots
2019-02-28 21:06:41,724-BasePage-INFO-输入内容holle
2019-02-28 21:06:44,413-BasePage-INFO-输入内容good,good,good,good,good,good,good,good,good,good,good,good,good,good,
2019-02-28 21:06:48,025-BasePage-ERROR-Failed to click the element with Message: stale element reference: element is not attached to the page document
  (Session info: chrome=71.0.3554.0)
  (Driver info: chromedriver=2.41.578737 (49da6702b16031c40d63e5618de03a32ff6c197e),platform=Windows NT 10.0.15063 x86_64)

2019-02-28 21:06:48,434-BasePage-INFO-Had take screenshot and save to folder:/screenshots
2019-02-28 21:06:50,837-BasePage-INFO-输入内容this is a good,this is a good
2019-02-28 21:06:51,215-BasePage-INFO-this element 发表回复 was clicked
2019-02-28 21:06:51,629-BasePage-INFO-Had take screenshot and save to folder:/screenshots
2019-02-28 21:06:55,962-BrowserEngine-INFO-The test server url is :Chrome
2019-02-28 21:06:55,962-BrowserEngine-INFO-The test server url is :http://127.0.0.1/forum.php
2019-02-28 21:06:58,998-BrowserEngine-INFO-Starting Chrome browser.
2019-02-28 21:06:59,636-BrowserEngine-INFO-Open url:http://127.0.0.1/forum.php
2019-02-28 21:07:00,775-BrowserEngine-INFO-Maximize the current window.
2019-02-28 21:07:00,780-BrowserEngine-INFO-Set implicitly wate 10 seconds.
2019-02-28 21:07:00,974-BasePage-INFO-输入内容hemei
2019-02-28 21:07:01,159-BasePage-INFO-输入内容hemeihua
2019-02-28 21:07:01,306-BasePage-INFO-this element 登录 was clicked
2019-02-28 21:07:01,972-BasePage-INFO-Had take screenshot and save to folder:/screenshots
2019-02-28 21:07:04,200-BasePage-INFO-输入内容haotest
2019-02-28 21:07:04,509-BasePage-INFO-this element  was clicked
2019-02-28 21:07:05,025-BasePage-INFO-Had take screenshot and save to folder:/screenshots
2019-02-28 21:07:10,433-BasePage-INFO-Had take screenshot and save to folder:/screenshots
2019-02-28 21:07:13,091-BasePage-ERROR-Failed to click the element with Message: stale element reference: element is not attached to the page document
  (Session info: chrome=71.0.3554.0)
  (Driver info: chromedriver=2.41.578737 (49da6702b16031c40d63e5618de03a32ff6c197e),platform=Windows NT 10.0.15063 x86_64)

2019-02-28 21:07:13,460-BasePage-INFO-Had take screenshot and save to folder:/screenshots
2019-02-28 21:07:15,944-BrowserEngine-INFO-The test server url is :Chrome
2019-02-28 21:07:15,945-BrowserEngine-INFO-The test server url is :http://127.0.0.1/forum.php
2019-02-28 21:07:18,909-BrowserEngine-INFO-Starting Chrome browser.
2019-02-28 21:07:19,570-BrowserEngine-INFO-Open url:http://127.0.0.1/forum.php
2019-02-28 21:07:20,704-BrowserEngine-INFO-Maximize the current window.
2019-02-28 21:07:20,707-BrowserEngine-INFO-Set implicitly wate 10 seconds.
2019-02-28 21:07:20,908-BasePage-INFO-输入内容admin
2019-02-28 21:07:21,113-BasePage-INFO-输入内容hemeihua
2019-02-28 21:07:21,279-BasePage-INFO-this element 登录 was clicked
2019-02-28 21:07:21,909-BasePage-INFO-Had take screenshot and save to folder:/screenshots
2019-02-28 21:07:24,804-BasePage-ERROR-Failed to click the element with Message: stale element reference: element is not attached to the page document
  (Session info: chrome=71.0.3554.0)
  (Driver info: chromedriver=2.41.578737 (49da6702b16031c40d63e5618de03a32ff6c197e),platform=Windows NT 10.0.15063 x86_64)

2019-02-28 21:07:25,247-BasePage-INFO-Had take screenshot and save to folder:/screenshots
2019-02-28 21:07:28,020-BasePage-ERROR-Failed to click the element with Message: stale element reference: element is not attached to the page document
  (Session info: chrome=71.0.3554.0)
  (Driver info: chromedriver=2.41.578737 (49da6702b16031c40d63e5618de03a32ff6c197e),platform=Windows NT 10.0.15063 x86_64)

2019-02-28 21:07:28,400-BasePage-INFO-Had take screenshot and save to folder:/screenshots
2019-02-28 21:07:30,636-BasePage-INFO-输入内容title
2019-02-28 21:07:31,281-BasePage-INFO-输入内容good good good good good goodgoodgood goodgoodgood
2019-02-28 21:07:34,133-BasePage-ERROR-Failed to click the element with Message: stale element reference: element is not attached to the page document
  (Session info: chrome=71.0.3554.0)
  (Driver info: chromedriver=2.41.578737 (49da6702b16031c40d63e5618de03a32ff6c197e),platform=Windows NT 10.0.15063 x86_64)

2019-02-28 21:07:34,522-BasePage-INFO-Had take screenshot and save to folder:/screenshots
2019-02-28 21:07:36,797-BasePage-INFO-输入内容this is good
2019-02-28 21:07:37,062-BasePage-INFO-输入内容this not is good
2019-02-28 21:07:37,215-BasePage-INFO-输入内容1
2019-02-28 21:07:37,376-BasePage-INFO-this element  was clicked
2019-02-28 21:07:37,719-BasePage-INFO-Had take screenshot and save to folder:/screenshots
2019-02-28 21:07:39,875-BasePage-INFO-this element  was clicked
2019-02-28 21:07:40,238-BasePage-INFO-Had take screenshot and save to folder:/screenshots
2019-02-28 21:07:42,486-BasePage-INFO-this element 发起投票 was clicked
2019-02-28 21:07:43,643-BasePage-INFO-Had take screenshot and save to folder:/screenshots
2019-02-28 21:07:45,813-BasePage-INFO-this element  was clicked
2019-02-28 21:07:46,184-BasePage-INFO-Had take screenshot and save to folder:/screenshots
2019-02-28 21:07:47,027-BasePage-ERROR-Failed to click the element with Message: stale element reference: element is not attached to the page document
  (Session info: chrome=71.0.3554.0)
  (Driver info: chromedriver=2.41.578737 (49da6702b16031c40d63e5618de03a32ff6c197e),platform=Windows NT 10.0.15063 x86_64)

2019-02-28 21:07:47,407-BasePage-INFO-Had take screenshot and save to folder:/screenshots
