2019-03-02 20:16:22,421-BrowserEngine-INFO-The test server url is :Chrome
2019-03-02 20:16:22,422-BrowserEngine-INFO-The test server url is :http://127.0.0.1/forum.php
2019-03-02 20:16:25,142-BrowserEngine-INFO-Starting Chrome browser.
2019-03-02 20:16:25,749-BrowserEngine-INFO-Open url:http://127.0.0.1/forum.php
2019-03-02 20:16:26,875-BrowserEngine-INFO-Maximize the current window.
2019-03-02 20:16:26,878-BrowserEngine-INFO-Set implicitly wate 10 seconds.
2019-03-02 20:16:27,084-BasePage-INFO-输入内容hemei
2019-03-02 20:16:27,306-BasePage-INFO-输入内容hemeihua
2019-03-02 20:16:27,480-BasePage-INFO-this element 登录 was clicked
2019-03-02 20:16:28,143-BasePage-INFO-Had take screenshot and save to folder:/screenshots
2019-03-02 20:16:30,924-BasePage-ERROR-Failed to click the element with Message: stale element reference: element is not attached to the page document
  (Session info: chrome=71.0.3554.0)
  (Driver info: chromedriver=2.41.578737 (49da6702b16031c40d63e5618de03a32ff6c197e),platform=Windows NT 10.0.15063 x86_64)

2019-03-02 20:16:31,323-BasePage-INFO-Had take screenshot and save to folder:/screenshots
2019-03-02 20:16:31,582-BasePage-INFO-输入内容hhhhhh
2019-03-02 20:16:31,905-BasePage-INFO-输入内容mmmmhhhhhhhhhhhhhhmm
2019-03-02 20:16:35,062-BasePage-ERROR-Failed to click the element with Message: stale element reference: element is not attached to the page document
  (Session info: chrome=71.0.3554.0)
  (Driver info: chromedriver=2.41.578737 (49da6702b16031c40d63e5618de03a32ff6c197e),platform=Windows NT 10.0.15063 x86_64)

2019-03-02 20:16:35,429-BasePage-INFO-Had take screenshot and save to folder:/screenshots
2019-03-02 20:16:37,750-BasePage-INFO-输入内容ii这是个好办法iii
2019-03-02 20:16:38,118-BasePage-INFO-this element 发表回复 was clicked
2019-03-02 20:16:38,500-BasePage-INFO-Had take screenshot and save to folder:/screenshots
2019-03-02 20:16:40,914-BasePage-ERROR-Failed to click the element with Message: stale element reference: element is not attached to the page document
  (Session info: chrome=71.0.3554.0)
  (Driver info: chromedriver=2.41.578737 (49da6702b16031c40d63e5618de03a32ff6c197e),platform=Windows NT 10.0.15063 x86_64)

2019-03-02 20:16:41,265-BasePage-INFO-Had take screenshot and save to folder:/screenshots
2019-03-02 20:16:43,642-BrowserEngine-INFO-The test server url is :Chrome
2019-03-02 20:16:43,642-BrowserEngine-INFO-The test server url is :http://127.0.0.1/forum.php
2019-03-02 20:16:46,457-BrowserEngine-INFO-Starting Chrome browser.
2019-03-02 20:16:47,149-BrowserEngine-INFO-Open url:http://127.0.0.1/forum.php
2019-03-02 20:16:48,282-BrowserEngine-INFO-Maximize the current window.
2019-03-02 20:16:48,284-BrowserEngine-INFO-Set implicitly wate 10 seconds.
2019-03-02 20:16:48,446-BasePage-INFO-输入内容admin
2019-03-02 20:16:48,606-BasePage-INFO-输入内容hemeihua
2019-03-02 20:16:48,743-BasePage-INFO-this element 登录 was clicked
2019-03-02 20:16:49,324-BasePage-INFO-Had take screenshot and save to folder:/screenshots
2019-03-02 20:16:51,930-BasePage-ERROR-Failed to click the element with Message: stale element reference: element is not attached to the page document
  (Session info: chrome=71.0.3554.0)
  (Driver info: chromedriver=2.41.578737 (49da6702b16031c40d63e5618de03a32ff6c197e),platform=Windows NT 10.0.15063 x86_64)

2019-03-02 20:16:52,350-BasePage-INFO-Had take screenshot and save to folder:/screenshots
2019-03-02 20:16:52,540-BasePage-INFO-this element  was clicked
2019-03-02 20:16:52,947-BasePage-INFO-Had take screenshot and save to folder:/screenshots
2019-03-02 20:16:53,433-BasePage-INFO-this element 删除 was clicked
2019-03-02 20:16:53,876-BasePage-INFO-Had take screenshot and save to folder:/screenshots
2019-03-02 20:16:54,587-BasePage-ERROR-Failed to click the element with Message: stale element reference: element is not attached to the page document
  (Session info: chrome=71.0.3554.0)
  (Driver info: chromedriver=2.41.578737 (49da6702b16031c40d63e5618de03a32ff6c197e),platform=Windows NT 10.0.15063 x86_64)

2019-03-02 20:16:55,018-BasePage-INFO-Had take screenshot and save to folder:/screenshots
2019-03-02 20:16:57,292-BasePage-INFO-this element 管理中心 was clicked
2019-03-02 20:16:57,881-BasePage-INFO-Had take screenshot and save to folder:/screenshots
2019-03-02 20:17:06,118-BasePage-INFO-输入内容hemeihua
2019-03-02 20:17:30,496-BasePage-ERROR-Failed to click the element with Message: stale element reference: element is not attached to the page document
  (Session info: chrome=71.0.3554.0)
  (Driver info: chromedriver=2.41.578737 (49da6702b16031c40d63e5618de03a32ff6c197e),platform=Windows NT 10.0.15063 x86_64)

2019-03-02 20:17:30,862-BasePage-INFO-Had take screenshot and save to folder:/screenshots
2019-03-02 20:17:33,200-BasePage-INFO-this element 论坛 was clicked
2019-03-02 20:17:33,526-BasePage-INFO-Had take screenshot and save to folder:/screenshots
2019-03-02 20:17:37,818-BasePage-INFO-this element 添加新版块 was clicked
2019-03-02 20:17:38,161-BasePage-INFO-Had take screenshot and save to folder:/screenshots
2019-03-02 20:17:40,323-BasePage-INFO-输入内容nows
2019-03-02 20:17:42,676-BasePage-ERROR-Failed to click the element with Message: stale element reference: element is not attached to the page document
  (Session info: chrome=71.0.3554.0)
  (Driver info: chromedriver=2.41.578737 (49da6702b16031c40d63e5618de03a32ff6c197e),platform=Windows NT 10.0.15063 x86_64)

2019-03-02 20:17:43,045-BasePage-INFO-Had take screenshot and save to folder:/screenshots
2019-03-02 20:17:45,614-BasePage-ERROR-Failed to click the element with Message: stale element reference: element is not attached to the page document
  (Session info: chrome=71.0.3554.0)
  (Driver info: chromedriver=2.41.578737 (49da6702b16031c40d63e5618de03a32ff6c197e),platform=Windows NT 10.0.15063 x86_64)

2019-03-02 20:17:45,951-BasePage-INFO-Had take screenshot and save to folder:/screenshots
2019-03-02 20:17:53,362-BasePage-ERROR-Failed to click the element with Message: stale element reference: element is not attached to the page document
  (Session info: chrome=71.0.3554.0)
  (Driver info: chromedriver=2.41.578737 (49da6702b16031c40d63e5618de03a32ff6c197e),platform=Windows NT 10.0.15063 x86_64)

2019-03-02 20:17:53,710-BasePage-INFO-Had take screenshot and save to folder:/screenshots
2019-03-02 20:17:54,040-BasePage-ERROR-Failed to click the element with Message: stale element reference: element is not attached to the page document
  (Session info: chrome=71.0.3554.0)
  (Driver info: chromedriver=2.41.578737 (49da6702b16031c40d63e5618de03a32ff6c197e),platform=Windows NT 10.0.15063 x86_64)

2019-03-02 20:17:54,367-BasePage-INFO-Had take screenshot and save to folder:/screenshots
2019-03-02 20:17:56,519-BasePage-INFO-输入内容hemei
2019-03-02 20:17:56,679-BasePage-INFO-输入内容hemeihua
2019-03-02 20:17:56,853-BasePage-INFO-this element 登录 was clicked
2019-03-02 20:17:57,378-BasePage-INFO-Had take screenshot and save to folder:/screenshots
2019-03-02 20:17:59,866-BasePage-ERROR-Failed to click the element with Message: stale element reference: element is not attached to the page document
  (Session info: chrome=71.0.3554.0)
  (Driver info: chromedriver=2.41.578737 (49da6702b16031c40d63e5618de03a32ff6c197e),platform=Windows NT 10.0.15063 x86_64)

2019-03-02 20:18:00,297-BasePage-INFO-Had take screenshot and save to folder:/screenshots
2019-03-02 20:18:02,445-BasePage-INFO-输入内容holle
2019-03-02 20:18:04,878-BasePage-INFO-输入内容good,good,good,good,good,good,good,good,good,good,good,good,good,good,
2019-03-02 20:18:07,035-BasePage-INFO-this element 发表帖子 was clicked
2019-03-02 20:18:07,422-BasePage-INFO-Had take screenshot and save to folder:/screenshots
2019-03-02 20:18:09,641-BasePage-INFO-输入内容this is a good,this is a good
2019-03-02 20:18:13,177-BasePage-ERROR-Failed to click the element with Message: stale element reference: element is not attached to the page document
  (Session info: chrome=71.0.3554.0)
  (Driver info: chromedriver=2.41.578737 (49da6702b16031c40d63e5618de03a32ff6c197e),platform=Windows NT 10.0.15063 x86_64)

2019-03-02 20:18:13,529-BasePage-INFO-Had take screenshot and save to folder:/screenshots
2019-03-02 20:18:17,890-BrowserEngine-INFO-The test server url is :Chrome
2019-03-02 20:18:17,890-BrowserEngine-INFO-The test server url is :http://127.0.0.1/forum.php
2019-03-02 20:18:20,639-BrowserEngine-INFO-Starting Chrome browser.
2019-03-02 20:18:21,431-BrowserEngine-INFO-Open url:http://127.0.0.1/forum.php
2019-03-02 20:18:22,565-BrowserEngine-INFO-Maximize the current window.
2019-03-02 20:18:22,568-BrowserEngine-INFO-Set implicitly wate 10 seconds.
2019-03-02 20:18:22,760-BasePage-INFO-输入内容hemei
2019-03-02 20:18:22,962-BasePage-INFO-输入内容hemeihua
2019-03-02 20:18:23,119-BasePage-INFO-this element 登录 was clicked
2019-03-02 20:18:23,690-BasePage-INFO-Had take screenshot and save to folder:/screenshots
2019-03-02 20:18:25,919-BasePage-INFO-输入内容haotest
2019-03-02 20:18:26,159-BasePage-INFO-this element  was clicked
2019-03-02 20:18:26,599-BasePage-INFO-Had take screenshot and save to folder:/screenshots
2019-03-02 20:18:32,014-BasePage-INFO-Had take screenshot and save to folder:/screenshots
2019-03-02 20:18:34,698-BasePage-ERROR-Failed to click the element with Message: stale element reference: element is not attached to the page document
  (Session info: chrome=71.0.3554.0)
  (Driver info: chromedriver=2.41.578737 (49da6702b16031c40d63e5618de03a32ff6c197e),platform=Windows NT 10.0.15063 x86_64)

2019-03-02 20:18:35,081-BasePage-INFO-Had take screenshot and save to folder:/screenshots
2019-03-02 20:18:37,390-BrowserEngine-INFO-The test server url is :Chrome
2019-03-02 20:18:37,390-BrowserEngine-INFO-The test server url is :http://127.0.0.1/forum.php
2019-03-02 20:18:40,187-BrowserEngine-INFO-Starting Chrome browser.
2019-03-02 20:18:40,807-BrowserEngine-INFO-Open url:http://127.0.0.1/forum.php
2019-03-02 20:18:41,942-BrowserEngine-INFO-Maximize the current window.
2019-03-02 20:18:41,945-BrowserEngine-INFO-Set implicitly wate 10 seconds.
2019-03-02 20:18:42,158-BasePage-INFO-输入内容admin
2019-03-02 20:18:42,401-BasePage-INFO-输入内容hemeihua
2019-03-02 20:18:42,586-BasePage-INFO-this element 登录 was clicked
2019-03-02 20:18:43,115-BasePage-INFO-Had take screenshot and save to folder:/screenshots
2019-03-02 20:18:45,792-BasePage-ERROR-Failed to click the element with Message: stale element reference: element is not attached to the page document
  (Session info: chrome=71.0.3554.0)
  (Driver info: chromedriver=2.41.578737 (49da6702b16031c40d63e5618de03a32ff6c197e),platform=Windows NT 10.0.15063 x86_64)

2019-03-02 20:18:46,231-BasePage-INFO-Had take screenshot and save to folder:/screenshots
2019-03-02 20:18:48,904-BasePage-ERROR-Failed to click the element with Message: stale element reference: element is not attached to the page document
  (Session info: chrome=71.0.3554.0)
  (Driver info: chromedriver=2.41.578737 (49da6702b16031c40d63e5618de03a32ff6c197e),platform=Windows NT 10.0.15063 x86_64)

2019-03-02 20:18:49,267-BasePage-INFO-Had take screenshot and save to folder:/screenshots
2019-03-02 20:18:51,449-BasePage-INFO-输入内容title
2019-03-02 20:18:52,019-BasePage-INFO-输入内容good good good good good goodgoodgood goodgoodgood
2019-03-02 20:18:54,678-BasePage-ERROR-Failed to click the element with Message: stale element reference: element is not attached to the page document
  (Session info: chrome=71.0.3554.0)
  (Driver info: chromedriver=2.41.578737 (49da6702b16031c40d63e5618de03a32ff6c197e),platform=Windows NT 10.0.15063 x86_64)

2019-03-02 20:18:55,071-BasePage-INFO-Had take screenshot and save to folder:/screenshots
2019-03-02 20:18:57,300-BasePage-INFO-输入内容this is good
2019-03-02 20:18:57,530-BasePage-INFO-输入内容this not is good
2019-03-02 20:18:57,643-BasePage-INFO-输入内容1
2019-03-02 20:18:57,792-BasePage-INFO-this element  was clicked
2019-03-02 20:18:58,147-BasePage-INFO-Had take screenshot and save to folder:/screenshots
2019-03-02 20:19:00,271-BasePage-INFO-this element  was clicked
2019-03-02 20:19:00,656-BasePage-INFO-Had take screenshot and save to folder:/screenshots
2019-03-02 20:19:02,863-BasePage-INFO-this element 发起投票 was clicked
2019-03-02 20:19:04,301-BasePage-INFO-Had take screenshot and save to folder:/screenshots
2019-03-02 20:19:06,438-BasePage-INFO-this element  was clicked
2019-03-02 20:19:06,796-BasePage-INFO-Had take screenshot and save to folder:/screenshots
2019-03-02 20:19:07,620-BasePage-ERROR-Failed to click the element with Message: stale element reference: element is not attached to the page document
  (Session info: chrome=71.0.3554.0)
  (Driver info: chromedriver=2.41.578737 (49da6702b16031c40d63e5618de03a32ff6c197e),platform=Windows NT 10.0.15063 x86_64)

2019-03-02 20:19:08,046-BasePage-INFO-Had take screenshot and save to folder:/screenshots
