2019-02-28 21:17:05,389-BrowserEngine-INFO-The test server url is :Chrome
2019-02-28 21:17:05,389-BrowserEngine-INFO-The test server url is :http://127.0.0.1/forum.php
2019-02-28 21:17:08,697-BrowserEngine-INFO-Starting Chrome browser.
2019-02-28 21:17:09,361-BrowserEngine-INFO-Open url:http://127.0.0.1/forum.php
2019-02-28 21:17:10,501-BrowserEngine-INFO-Maximize the current window.
2019-02-28 21:17:10,501-BrowserEngine-INFO-Set implicitly wate 10 seconds.
2019-02-28 21:17:10,693-BasePage-INFO-输入内容admin
2019-02-28 21:17:10,890-BasePage-INFO-输入内容hemeihua
2019-02-28 21:17:11,020-BasePage-INFO-this element 登录 was clicked
2019-02-28 21:17:11,656-BasePage-INFO-Had take screenshot and save to folder:/screenshots
2019-02-28 21:17:14,253-BasePage-ERROR-Failed to click the element with Message: stale element reference: element is not attached to the page document
  (Session info: chrome=71.0.3554.0)
  (Driver info: chromedriver=2.41.578737 (49da6702b16031c40d63e5618de03a32ff6c197e),platform=Windows NT 10.0.15063 x86_64)

2019-02-28 21:17:14,675-BasePage-INFO-Had take screenshot and save to folder:/screenshots
2019-02-28 21:17:17,584-BasePage-ERROR-Failed to click the element with Message: stale element reference: element is not attached to the page document
  (Session info: chrome=71.0.3554.0)
  (Driver info: chromedriver=2.41.578737 (49da6702b16031c40d63e5618de03a32ff6c197e),platform=Windows NT 10.0.15063 x86_64)

2019-02-28 21:17:17,983-BasePage-INFO-Had take screenshot and save to folder:/screenshots
2019-02-28 21:17:20,193-BasePage-INFO-输入内容title
2019-02-28 21:17:20,754-BasePage-INFO-输入内容good good good good good goodgoodgood goodgoodgood
2019-02-28 21:17:24,305-BasePage-ERROR-Failed to click the element with Message: stale element reference: element is not attached to the page document
  (Session info: chrome=71.0.3554.0)
  (Driver info: chromedriver=2.41.578737 (49da6702b16031c40d63e5618de03a32ff6c197e),platform=Windows NT 10.0.15063 x86_64)

2019-02-28 21:17:24,690-BasePage-INFO-Had take screenshot and save to folder:/screenshots
2019-02-28 21:17:26,918-BasePage-INFO-输入内容this is good
2019-02-28 21:17:27,255-BasePage-INFO-输入内容this not is good
2019-02-28 21:17:27,410-BasePage-INFO-输入内容1
2019-02-28 21:17:27,604-BasePage-INFO-this element  was clicked
2019-02-28 21:17:28,010-BasePage-INFO-Had take screenshot and save to folder:/screenshots
2019-02-28 21:17:30,161-BasePage-INFO-this element  was clicked
2019-02-28 21:17:30,506-BasePage-INFO-Had take screenshot and save to folder:/screenshots
2019-02-28 21:17:32,727-BasePage-INFO-this element 发起投票 was clicked
2019-02-28 21:17:36,562-BasePage-INFO-Had take screenshot and save to folder:/screenshots
2019-02-28 21:17:38,709-BasePage-INFO-this element  was clicked
2019-02-28 21:17:39,095-BasePage-INFO-Had take screenshot and save to folder:/screenshots
2019-02-28 21:17:39,892-BasePage-ERROR-Failed to click the element with Message: stale element reference: element is not attached to the page document
  (Session info: chrome=71.0.3554.0)
  (Driver info: chromedriver=2.41.578737 (49da6702b16031c40d63e5618de03a32ff6c197e),platform=Windows NT 10.0.15063 x86_64)

2019-02-28 21:17:40,237-BasePage-INFO-Had take screenshot and save to folder:/screenshots
