2019-03-02 20:15:19,763-BrowserEngine-INFO-The test server url is :Chrome
2019-03-02 20:15:19,763-BrowserEngine-INFO-The test server url is :http://127.0.0.1/forum.php
2019-03-02 20:15:22,727-BrowserEngine-INFO-Starting Chrome browser.
2019-03-02 20:15:23,428-BrowserEngine-INFO-Open url:http://127.0.0.1/forum.php
2019-03-02 20:15:24,559-BrowserEngine-INFO-Maximize the current window.
2019-03-02 20:15:24,565-BrowserEngine-INFO-Set implicitly wate 10 seconds.
2019-03-02 20:15:24,770-BasePage-INFO-输入内容admin
2019-03-02 20:15:24,967-BasePage-INFO-输入内容hemeihua
2019-03-02 20:15:25,131-BasePage-INFO-this element 登录 was clicked
2019-03-02 20:15:25,730-BasePage-INFO-Had take screenshot and save to folder:/screenshots
2019-03-02 20:15:28,462-BasePage-ERROR-Failed to click the element with Message: stale element reference: element is not attached to the page document
  (Session info: chrome=71.0.3554.0)
  (Driver info: chromedriver=2.41.578737 (49da6702b16031c40d63e5618de03a32ff6c197e),platform=Windows NT 10.0.15063 x86_64)

2019-03-02 20:15:28,918-BasePage-INFO-Had take screenshot and save to folder:/screenshots
2019-03-02 20:15:31,603-BasePage-ERROR-Failed to click the element with Message: stale element reference: element is not attached to the page document
  (Session info: chrome=71.0.3554.0)
  (Driver info: chromedriver=2.41.578737 (49da6702b16031c40d63e5618de03a32ff6c197e),platform=Windows NT 10.0.15063 x86_64)

2019-03-02 20:15:32,007-BasePage-INFO-Had take screenshot and save to folder:/screenshots
2019-03-02 20:15:34,398-BasePage-INFO-输入内容title
2019-03-02 20:15:35,180-BasePage-INFO-输入内容good good good good good goodgoodgood goodgoodgood
2019-03-02 20:15:38,083-BasePage-ERROR-Failed to click the element with Message: stale element reference: element is not attached to the page document
  (Session info: chrome=71.0.3554.0)
  (Driver info: chromedriver=2.41.578737 (49da6702b16031c40d63e5618de03a32ff6c197e),platform=Windows NT 10.0.15063 x86_64)

2019-03-02 20:15:38,477-BasePage-INFO-Had take screenshot and save to folder:/screenshots
2019-03-02 20:15:40,733-BasePage-INFO-输入内容this is good
2019-03-02 20:15:41,004-BasePage-INFO-输入内容this not is good
2019-03-02 20:15:41,165-BasePage-INFO-输入内容1
2019-03-02 20:15:41,314-BasePage-INFO-this element  was clicked
2019-03-02 20:15:41,673-BasePage-INFO-Had take screenshot and save to folder:/screenshots
2019-03-02 20:15:43,827-BasePage-INFO-this element  was clicked
2019-03-02 20:15:44,166-BasePage-INFO-Had take screenshot and save to folder:/screenshots
2019-03-02 20:15:46,414-BasePage-INFO-this element 发起投票 was clicked
2019-03-02 20:15:47,614-BasePage-INFO-Had take screenshot and save to folder:/screenshots
2019-03-02 20:15:49,778-BasePage-INFO-this element  was clicked
2019-03-02 20:15:50,117-BasePage-INFO-Had take screenshot and save to folder:/screenshots
2019-03-02 20:15:51,022-BasePage-ERROR-Failed to click the element with Message: stale element reference: element is not attached to the page document
  (Session info: chrome=71.0.3554.0)
  (Driver info: chromedriver=2.41.578737 (49da6702b16031c40d63e5618de03a32ff6c197e),platform=Windows NT 10.0.15063 x86_64)

2019-03-02 20:15:51,399-BasePage-INFO-Had take screenshot and save to folder:/screenshots
