2019-02-28 21:00:45,167-BrowserEngine-INFO-The test server url is :Chrome
2019-02-28 21:00:45,168-BrowserEngine-INFO-The test server url is :http://127.0.0.1/forum.php
2019-02-28 21:00:48,639-BrowserEngine-INFO-Starting Chrome browser.
2019-02-28 21:00:49,340-BrowserEngine-INFO-Open url:http://127.0.0.1/forum.php
2019-02-28 21:00:50,491-BrowserEngine-INFO-Maximize the current window.
2019-02-28 21:00:50,495-BrowserEngine-INFO-Set implicitly wate 10 seconds.
2019-02-28 21:00:50,757-BasePage-INFO-输入内容hemei
2019-02-28 21:00:51,053-BasePage-INFO-输入内容hemeihua
2019-02-28 21:00:51,272-BasePage-INFO-this element 登录 was clicked
2019-02-28 21:00:51,956-BasePage-INFO-Had take screenshot and save to folder:/screenshots
2019-02-28 21:00:54,806-BasePage-ERROR-Failed to click the element with Message: stale element reference: element is not attached to the page document
  (Session info: chrome=71.0.3554.0)
  (Driver info: chromedriver=2.41.578737 (49da6702b16031c40d63e5618de03a32ff6c197e),platform=Windows NT 10.0.15063 x86_64)

2019-02-28 21:00:55,269-BasePage-INFO-Had take screenshot and save to folder:/screenshots
2019-02-28 21:00:55,595-BasePage-INFO-输入内容hhhhhh
2019-02-28 21:00:56,147-BasePage-INFO-输入内容mmmmhhhhhhhhhhhhhhmm
2019-02-28 21:00:58,245-BasePage-ERROR-Failed to click the element with Message: stale element reference: element is not attached to the page document
  (Session info: chrome=71.0.3554.0)
  (Driver info: chromedriver=2.41.578737 (49da6702b16031c40d63e5618de03a32ff6c197e),platform=Windows NT 10.0.15063 x86_64)

2019-02-28 21:00:58,731-BasePage-INFO-Had take screenshot and save to folder:/screenshots
2019-02-28 21:01:01,020-BasePage-INFO-输入内容ii这是个好办法iii
2019-02-28 21:01:01,436-BasePage-INFO-this element 发表回复 was clicked
2019-02-28 21:01:01,847-BasePage-INFO-Had take screenshot and save to folder:/screenshots
2019-02-28 21:01:04,403-BasePage-ERROR-Failed to click the element with Message: stale element reference: element is not attached to the page document
  (Session info: chrome=71.0.3554.0)
  (Driver info: chromedriver=2.41.578737 (49da6702b16031c40d63e5618de03a32ff6c197e),platform=Windows NT 10.0.15063 x86_64)

2019-02-28 21:01:04,735-BasePage-INFO-Had take screenshot and save to folder:/screenshots
