2019-03-02 18:49:13,657-BrowserEngine-INFO-The test server url is :Chrome
2019-03-02 18:49:13,657-BrowserEngine-INFO-The test server url is :http://127.0.0.1/forum.php
2019-03-02 18:49:16,442-BrowserEngine-INFO-Starting Chrome browser.
2019-03-02 18:49:17,021-BrowserEngine-INFO-Open url:http://127.0.0.1/forum.php
2019-03-02 18:49:18,150-BrowserEngine-INFO-Maximize the current window.
2019-03-02 18:49:18,152-BrowserEngine-INFO-Set implicitly wate 10 seconds.
2019-03-02 18:49:18,320-BasePage-INFO-输入内容hemei
2019-03-02 18:49:18,493-BasePage-INFO-输入内容hemeihua
2019-03-02 18:49:18,641-BasePage-INFO-this element 登录 was clicked
2019-03-02 18:49:19,192-BasePage-INFO-Had take screenshot and save to folder:/screenshots
2019-03-02 18:49:21,819-BasePage-ERROR-Failed to click the element with Message: stale element reference: element is not attached to the page document
  (Session info: chrome=71.0.3554.0)
  (Driver info: chromedriver=2.41.578737 (49da6702b16031c40d63e5618de03a32ff6c197e),platform=Windows NT 10.0.15063 x86_64)

2019-03-02 18:49:22,182-BasePage-INFO-Had take screenshot and save to folder:/screenshots
2019-03-02 18:49:22,386-BasePage-INFO-输入内容hhhhhh
2019-03-02 18:49:22,641-BasePage-INFO-输入内容mmmmhhhhhhhhhhhhhhmm
2019-03-02 18:49:23,818-BasePage-ERROR-Failed to click the element with Message: stale element reference: element is not attached to the page document
  (Session info: chrome=71.0.3554.0)
  (Driver info: chromedriver=2.41.578737 (49da6702b16031c40d63e5618de03a32ff6c197e),platform=Windows NT 10.0.15063 x86_64)

2019-03-02 18:49:24,187-BasePage-INFO-Had take screenshot and save to folder:/screenshots
2019-03-02 18:49:26,440-BasePage-INFO-输入内容ii这是个好办法iii
2019-03-02 18:49:26,812-BasePage-INFO-this element 发表回复 was clicked
2019-03-02 18:49:27,218-BasePage-INFO-Had take screenshot and save to folder:/screenshots
