2019-03-02 18:52:10,075-BrowserEngine-INFO-The test server url is :Chrome
2019-03-02 18:52:10,075-BrowserEngine-INFO-The test server url is :http://127.0.0.1/forum.php
2019-03-02 18:52:12,867-BrowserEngine-INFO-Starting Chrome browser.
2019-03-02 18:52:13,466-BrowserEngine-INFO-Open url:http://127.0.0.1/forum.php
2019-03-02 18:52:14,600-BrowserEngine-INFO-Maximize the current window.
2019-03-02 18:52:14,603-BrowserEngine-INFO-Set implicitly wate 10 seconds.
2019-03-02 18:52:14,767-BasePage-INFO-输入内容hemei
2019-03-02 18:52:14,939-BasePage-INFO-输入内容hemeihua
2019-03-02 18:52:15,074-BasePage-INFO-this element 登录 was clicked
2019-03-02 18:52:15,657-BasePage-INFO-Had take screenshot and save to folder:/screenshots
2019-03-02 18:52:18,228-BasePage-ERROR-Failed to click the element with Message: stale element reference: element is not attached to the page document
  (Session info: chrome=71.0.3554.0)
  (Driver info: chromedriver=2.41.578737 (49da6702b16031c40d63e5618de03a32ff6c197e),platform=Windows NT 10.0.15063 x86_64)

2019-03-02 18:52:18,618-BasePage-INFO-Had take screenshot and save to folder:/screenshots
2019-03-02 18:52:18,808-BasePage-INFO-输入内容hhhhhh
2019-03-02 18:52:19,092-BasePage-INFO-输入内容mmmmhhhhhhhhhhhhhhmm
2019-03-02 18:52:20,480-BasePage-ERROR-Failed to click the element with Message: stale element reference: element is not attached to the page document
  (Session info: chrome=71.0.3554.0)
  (Driver info: chromedriver=2.41.578737 (49da6702b16031c40d63e5618de03a32ff6c197e),platform=Windows NT 10.0.15063 x86_64)

2019-03-02 18:52:20,860-BasePage-INFO-Had take screenshot and save to folder:/screenshots
2019-03-02 18:52:23,116-BasePage-INFO-输入内容ii这是个好办法iii
2019-03-02 18:52:23,476-BasePage-INFO-this element 发表回复 was clicked
2019-03-02 18:52:23,894-BasePage-INFO-Had take screenshot and save to folder:/screenshots
2019-03-02 18:52:26,408-BasePage-ERROR-Failed to click the element with Message: stale element reference: element is not attached to the page document
  (Session info: chrome=71.0.3554.0)
  (Driver info: chromedriver=2.41.578737 (49da6702b16031c40d63e5618de03a32ff6c197e),platform=Windows NT 10.0.15063 x86_64)

2019-03-02 18:52:26,816-BasePage-INFO-Had take screenshot and save to folder:/screenshots
