2019-03-02 18:58:10,663-BrowserEngine-INFO-The test server url is :Chrome
2019-03-02 18:58:10,663-BrowserEngine-INFO-The test server url is :http://127.0.0.1/forum.php
2019-03-02 18:58:13,457-BrowserEngine-INFO-Starting Chrome browser.
2019-03-02 18:58:14,098-BrowserEngine-INFO-Open url:http://127.0.0.1/forum.php
2019-03-02 18:58:15,229-BrowserEngine-INFO-Maximize the current window.
2019-03-02 18:58:15,233-BrowserEngine-INFO-Set implicitly wate 10 seconds.
2019-03-02 18:58:15,398-BasePage-INFO-输入内容admin
2019-03-02 18:58:15,559-BasePage-INFO-输入内容hemeihua
2019-03-02 18:58:15,701-BasePage-INFO-this element 登录 was clicked
2019-03-02 18:58:16,351-BasePage-INFO-Had take screenshot and save to folder:/screenshots
2019-03-02 18:58:18,901-BasePage-ERROR-Failed to click the element with Message: stale element reference: element is not attached to the page document
  (Session info: chrome=71.0.3554.0)
  (Driver info: chromedriver=2.41.578737 (49da6702b16031c40d63e5618de03a32ff6c197e),platform=Windows NT 10.0.15063 x86_64)

2019-03-02 18:58:19,429-BasePage-INFO-Had take screenshot and save to folder:/screenshots
2019-03-02 18:58:29,944-BasePage-ERROR-<pageobjects.Discuz1_homepage.HomePage object at 0x03BDD7F0>页面中未能找到('css selector', '.o input')元素
2019-03-02 18:58:30,341-BasePage-INFO-Had take screenshot and save to folder:/screenshots
2019-03-02 18:58:30,341-BasePage-ERROR-Failed to click the element with 'NoneType' object has no attribute 'click'
2019-03-02 18:58:30,740-BasePage-INFO-Had take screenshot and save to folder:/screenshots
2019-03-02 18:58:30,942-BasePage-INFO-this element 本版积分规则 was clicked
2019-03-02 18:58:31,446-BasePage-INFO-Had take screenshot and save to folder:/screenshots
2019-03-02 18:58:41,982-BasePage-ERROR-<pageobjects.Discuz1_homepage.HomePage object at 0x03BDD7F0>页面中未能找到('css selector', '.o  button span')元素
2019-03-02 18:58:42,375-BasePage-INFO-Had take screenshot and save to folder:/screenshots
2019-03-02 18:58:42,375-BasePage-ERROR-Failed to click the element with 'NoneType' object has no attribute 'click'
2019-03-02 18:58:42,768-BasePage-INFO-Had take screenshot and save to folder:/screenshots
2019-03-02 18:58:44,966-BasePage-INFO-this element 管理中心 was clicked
2019-03-02 18:58:45,469-BasePage-INFO-Had take screenshot and save to folder:/screenshots
2019-03-02 18:58:53,743-BasePage-INFO-输入内容hemeihua
2019-03-02 18:59:18,029-BasePage-ERROR-Failed to click the element with Message: stale element reference: element is not attached to the page document
  (Session info: chrome=71.0.3554.0)
  (Driver info: chromedriver=2.41.578737 (49da6702b16031c40d63e5618de03a32ff6c197e),platform=Windows NT 10.0.15063 x86_64)

2019-03-02 18:59:18,382-BasePage-INFO-Had take screenshot and save to folder:/screenshots
2019-03-02 18:59:20,747-BasePage-INFO-this element 论坛 was clicked
2019-03-02 18:59:21,084-BasePage-INFO-Had take screenshot and save to folder:/screenshots
2019-03-02 18:59:25,440-BasePage-INFO-this element 添加新版块 was clicked
2019-03-02 18:59:25,762-BasePage-INFO-Had take screenshot and save to folder:/screenshots
2019-03-02 18:59:27,960-BasePage-INFO-输入内容nows
2019-03-02 18:59:30,359-BasePage-ERROR-Failed to click the element with Message: stale element reference: element is not attached to the page document
  (Session info: chrome=71.0.3554.0)
  (Driver info: chromedriver=2.41.578737 (49da6702b16031c40d63e5618de03a32ff6c197e),platform=Windows NT 10.0.15063 x86_64)

2019-03-02 18:59:30,716-BasePage-INFO-Had take screenshot and save to folder:/screenshots
2019-03-02 18:59:33,371-BasePage-ERROR-Failed to click the element with Message: stale element reference: element is not attached to the page document
  (Session info: chrome=71.0.3554.0)
  (Driver info: chromedriver=2.41.578737 (49da6702b16031c40d63e5618de03a32ff6c197e),platform=Windows NT 10.0.15063 x86_64)

2019-03-02 18:59:33,729-BasePage-INFO-Had take screenshot and save to folder:/screenshots
2019-03-02 18:59:41,115-BasePage-ERROR-Failed to click the element with Message: stale element reference: element is not attached to the page document
  (Session info: chrome=71.0.3554.0)
  (Driver info: chromedriver=2.41.578737 (49da6702b16031c40d63e5618de03a32ff6c197e),platform=Windows NT 10.0.15063 x86_64)

2019-03-02 18:59:41,471-BasePage-INFO-Had take screenshot and save to folder:/screenshots
2019-03-02 18:59:41,817-BasePage-ERROR-Failed to click the element with Message: stale element reference: element is not attached to the page document
  (Session info: chrome=71.0.3554.0)
  (Driver info: chromedriver=2.41.578737 (49da6702b16031c40d63e5618de03a32ff6c197e),platform=Windows NT 10.0.15063 x86_64)

2019-03-02 18:59:42,167-BasePage-INFO-Had take screenshot and save to folder:/screenshots
2019-03-02 18:59:44,307-BasePage-INFO-输入内容hemei
2019-03-02 18:59:44,465-BasePage-INFO-输入内容hemeihua
2019-03-02 18:59:44,586-BasePage-INFO-this element 登录 was clicked
2019-03-02 18:59:45,100-BasePage-INFO-Had take screenshot and save to folder:/screenshots
2019-03-02 18:59:47,498-BasePage-ERROR-Failed to click the element with Message: stale element reference: element is not attached to the page document
  (Session info: chrome=71.0.3554.0)
  (Driver info: chromedriver=2.41.578737 (49da6702b16031c40d63e5618de03a32ff6c197e),platform=Windows NT 10.0.15063 x86_64)

2019-03-02 18:59:47,885-BasePage-INFO-Had take screenshot and save to folder:/screenshots
2019-03-02 18:59:50,030-BasePage-INFO-输入内容holle
2019-03-02 18:59:52,652-BasePage-INFO-输入内容good,good,good,good,good,good,good,good,good,good,good,good,good,good,
2019-03-02 18:59:56,122-BasePage-ERROR-Failed to click the element with Message: stale element reference: element is not attached to the page document
  (Session info: chrome=71.0.3554.0)
  (Driver info: chromedriver=2.41.578737 (49da6702b16031c40d63e5618de03a32ff6c197e),platform=Windows NT 10.0.15063 x86_64)

2019-03-02 18:59:56,501-BasePage-INFO-Had take screenshot and save to folder:/screenshots
