2019-03-02 20:12:45,270-BrowserEngine-INFO-The test server url is :Chrome
2019-03-02 20:12:45,270-BrowserEngine-INFO-The test server url is :http://127.0.0.1/forum.php
2019-03-02 20:12:48,268-BrowserEngine-INFO-Starting Chrome browser.
2019-03-02 20:12:48,879-BrowserEngine-INFO-Open url:http://127.0.0.1/forum.php
2019-03-02 20:12:50,008-BrowserEngine-INFO-Maximize the current window.
2019-03-02 20:12:50,010-BrowserEngine-INFO-Set implicitly wate 10 seconds.
2019-03-02 20:12:50,229-BasePage-INFO-输入内容admin
2019-03-02 20:12:50,433-BasePage-INFO-输入内容hemeihua
2019-03-02 20:12:50,623-BasePage-INFO-this element 登录 was clicked
2019-03-02 20:12:51,257-BasePage-INFO-Had take screenshot and save to folder:/screenshots
2019-03-02 20:12:53,998-BasePage-ERROR-Failed to click the element with Message: stale element reference: element is not attached to the page document
  (Session info: chrome=71.0.3554.0)
  (Driver info: chromedriver=2.41.578737 (49da6702b16031c40d63e5618de03a32ff6c197e),platform=Windows NT 10.0.15063 x86_64)

2019-03-02 20:12:54,435-BasePage-INFO-Had take screenshot and save to folder:/screenshots
2019-03-02 20:12:54,809-BasePage-INFO-this element  was clicked
2019-03-02 20:12:55,165-BasePage-INFO-Had take screenshot and save to folder:/screenshots
2019-03-02 20:12:55,667-BasePage-INFO-this element 删除 was clicked
2019-03-02 20:12:56,007-BasePage-INFO-Had take screenshot and save to folder:/screenshots
2019-03-02 20:12:56,757-BasePage-ERROR-Failed to click the element with Message: stale element reference: element is not attached to the page document
  (Session info: chrome=71.0.3554.0)
  (Driver info: chromedriver=2.41.578737 (49da6702b16031c40d63e5618de03a32ff6c197e),platform=Windows NT 10.0.15063 x86_64)

2019-03-02 20:12:57,130-BasePage-INFO-Had take screenshot and save to folder:/screenshots
2019-03-02 20:12:59,405-BasePage-INFO-this element 管理中心 was clicked
2019-03-02 20:12:59,896-BasePage-INFO-Had take screenshot and save to folder:/screenshots
2019-03-02 20:13:08,119-BasePage-INFO-输入内容hemeihua
2019-03-02 20:13:33,111-BasePage-ERROR-Failed to click the element with Message: stale element reference: element is not attached to the page document
  (Session info: chrome=71.0.3554.0)
  (Driver info: chromedriver=2.41.578737 (49da6702b16031c40d63e5618de03a32ff6c197e),platform=Windows NT 10.0.15063 x86_64)

2019-03-02 20:13:33,501-BasePage-INFO-Had take screenshot and save to folder:/screenshots
2019-03-02 20:13:35,882-BasePage-INFO-this element 论坛 was clicked
2019-03-02 20:13:36,226-BasePage-INFO-Had take screenshot and save to folder:/screenshots
2019-03-02 20:13:40,520-BasePage-INFO-this element 添加新版块 was clicked
2019-03-02 20:13:40,899-BasePage-INFO-Had take screenshot and save to folder:/screenshots
2019-03-02 20:13:43,055-BasePage-INFO-输入内容nows
2019-03-02 20:13:45,382-BasePage-ERROR-Failed to click the element with Message: stale element reference: element is not attached to the page document
  (Session info: chrome=71.0.3554.0)
  (Driver info: chromedriver=2.41.578737 (49da6702b16031c40d63e5618de03a32ff6c197e),platform=Windows NT 10.0.15063 x86_64)

2019-03-02 20:13:45,726-BasePage-INFO-Had take screenshot and save to folder:/screenshots
2019-03-02 20:13:48,331-BasePage-ERROR-Failed to click the element with Message: stale element reference: element is not attached to the page document
  (Session info: chrome=71.0.3554.0)
  (Driver info: chromedriver=2.41.578737 (49da6702b16031c40d63e5618de03a32ff6c197e),platform=Windows NT 10.0.15063 x86_64)

2019-03-02 20:13:48,690-BasePage-INFO-Had take screenshot and save to folder:/screenshots
2019-03-02 20:13:56,119-BasePage-ERROR-Failed to click the element with Message: stale element reference: element is not attached to the page document
  (Session info: chrome=71.0.3554.0)
  (Driver info: chromedriver=2.41.578737 (49da6702b16031c40d63e5618de03a32ff6c197e),platform=Windows NT 10.0.15063 x86_64)

2019-03-02 20:13:56,461-BasePage-INFO-Had take screenshot and save to folder:/screenshots
2019-03-02 20:13:56,836-BasePage-ERROR-Failed to click the element with Message: stale element reference: element is not attached to the page document
  (Session info: chrome=71.0.3554.0)
  (Driver info: chromedriver=2.41.578737 (49da6702b16031c40d63e5618de03a32ff6c197e),platform=Windows NT 10.0.15063 x86_64)

2019-03-02 20:13:57,162-BasePage-INFO-Had take screenshot and save to folder:/screenshots
2019-03-02 20:13:59,345-BasePage-INFO-输入内容hemei
2019-03-02 20:13:59,593-BasePage-INFO-输入内容hemeihua
2019-03-02 20:13:59,865-BasePage-INFO-this element 登录 was clicked
2019-03-02 20:14:00,428-BasePage-INFO-Had take screenshot and save to folder:/screenshots
2019-03-02 20:14:02,908-BasePage-ERROR-Failed to click the element with Message: stale element reference: element is not attached to the page document
  (Session info: chrome=71.0.3554.0)
  (Driver info: chromedriver=2.41.578737 (49da6702b16031c40d63e5618de03a32ff6c197e),platform=Windows NT 10.0.15063 x86_64)

2019-03-02 20:14:03,287-BasePage-INFO-Had take screenshot and save to folder:/screenshots
2019-03-02 20:14:05,492-BasePage-INFO-输入内容holle
2019-03-02 20:14:08,037-BasePage-INFO-输入内容good,good,good,good,good,good,good,good,good,good,good,good,good,good,
2019-03-02 20:14:12,721-BasePage-ERROR-Failed to click the element with Message: stale element reference: element is not attached to the page document
  (Session info: chrome=71.0.3554.0)
  (Driver info: chromedriver=2.41.578737 (49da6702b16031c40d63e5618de03a32ff6c197e),platform=Windows NT 10.0.15063 x86_64)

2019-03-02 20:14:13,099-BasePage-INFO-Had take screenshot and save to folder:/screenshots
2019-03-02 20:14:15,458-BasePage-INFO-输入内容this is a good,this is a good
2019-03-02 20:14:15,839-BasePage-INFO-this element 发表回复 was clicked
2019-03-02 20:14:16,192-BasePage-INFO-Had take screenshot and save to folder:/screenshots
