2019-02-28 21:01:16,814-BrowserEngine-INFO-The test server url is :Chrome
2019-02-28 21:01:16,814-BrowserEngine-INFO-The test server url is :http://127.0.0.1/forum.php
2019-02-28 21:01:19,788-BrowserEngine-INFO-Starting Chrome browser.
2019-02-28 21:01:20,499-BrowserEngine-INFO-Open url:http://127.0.0.1/forum.php
2019-02-28 21:01:21,628-BrowserEngine-INFO-Maximize the current window.
2019-02-28 21:01:21,630-BrowserEngine-INFO-Set implicitly wate 10 seconds.
2019-02-28 21:01:21,857-BasePage-INFO-输入内容admin
2019-02-28 21:01:22,084-BasePage-INFO-输入内容hemeihua
2019-02-28 21:01:22,263-BasePage-INFO-this element 登录 was clicked
2019-02-28 21:01:23,065-BasePage-INFO-Had take screenshot and save to folder:/screenshots
2019-02-28 21:01:25,844-BasePage-ERROR-Failed to click the element with Message: stale element reference: element is not attached to the page document
  (Session info: chrome=71.0.3554.0)
  (Driver info: chromedriver=2.41.578737 (49da6702b16031c40d63e5618de03a32ff6c197e),platform=Windows NT 10.0.15063 x86_64)

2019-02-28 21:01:26,307-BasePage-INFO-Had take screenshot and save to folder:/screenshots
2019-02-28 21:01:26,542-BasePage-INFO-this element  was clicked
2019-02-28 21:01:26,931-BasePage-INFO-Had take screenshot and save to folder:/screenshots
2019-02-28 21:01:27,492-BasePage-INFO-this element 删除 was clicked
2019-02-28 21:01:27,886-BasePage-INFO-Had take screenshot and save to folder:/screenshots
2019-02-28 21:01:28,658-BasePage-ERROR-Failed to click the element with Message: stale element reference: element is not attached to the page document
  (Session info: chrome=71.0.3554.0)
  (Driver info: chromedriver=2.41.578737 (49da6702b16031c40d63e5618de03a32ff6c197e),platform=Windows NT 10.0.15063 x86_64)

2019-02-28 21:01:29,048-BasePage-INFO-Had take screenshot and save to folder:/screenshots
2019-02-28 21:01:31,384-BasePage-INFO-this element 管理中心 was clicked
2019-02-28 21:01:31,920-BasePage-INFO-Had take screenshot and save to folder:/screenshots
2019-02-28 21:01:40,120-BasePage-INFO-输入内容hemeihua
2019-02-28 21:02:06,109-BasePage-ERROR-Failed to click the element with Message: stale element reference: element is not attached to the page document
  (Session info: chrome=71.0.3554.0)
  (Driver info: chromedriver=2.41.578737 (49da6702b16031c40d63e5618de03a32ff6c197e),platform=Windows NT 10.0.15063 x86_64)

2019-02-28 21:02:06,468-BasePage-INFO-Had take screenshot and save to folder:/screenshots
2019-02-28 21:02:08,793-BasePage-INFO-this element 论坛 was clicked
2019-02-28 21:02:09,135-BasePage-INFO-Had take screenshot and save to folder:/screenshots
2019-02-28 21:02:13,355-BasePage-INFO-this element 添加新版块 was clicked
2019-02-28 21:02:13,710-BasePage-INFO-Had take screenshot and save to folder:/screenshots
2019-02-28 21:02:15,856-BasePage-INFO-输入内容nows
2019-02-28 21:02:18,184-BasePage-ERROR-Failed to click the element with Message: stale element reference: element is not attached to the page document
  (Session info: chrome=71.0.3554.0)
  (Driver info: chromedriver=2.41.578737 (49da6702b16031c40d63e5618de03a32ff6c197e),platform=Windows NT 10.0.15063 x86_64)

2019-02-28 21:02:18,528-BasePage-INFO-Had take screenshot and save to folder:/screenshots
2019-02-28 21:02:21,104-BasePage-ERROR-Failed to click the element with Message: stale element reference: element is not attached to the page document
  (Session info: chrome=71.0.3554.0)
  (Driver info: chromedriver=2.41.578737 (49da6702b16031c40d63e5618de03a32ff6c197e),platform=Windows NT 10.0.15063 x86_64)

2019-02-28 21:02:21,461-BasePage-INFO-Had take screenshot and save to folder:/screenshots
2019-02-28 21:02:28,893-BasePage-ERROR-Failed to click the element with Message: stale element reference: element is not attached to the page document
  (Session info: chrome=71.0.3554.0)
  (Driver info: chromedriver=2.41.578737 (49da6702b16031c40d63e5618de03a32ff6c197e),platform=Windows NT 10.0.15063 x86_64)

2019-02-28 21:02:29,253-BasePage-INFO-Had take screenshot and save to folder:/screenshots
2019-02-28 21:02:29,677-BasePage-ERROR-Failed to click the element with Message: stale element reference: element is not attached to the page document
  (Session info: chrome=71.0.3554.0)
  (Driver info: chromedriver=2.41.578737 (49da6702b16031c40d63e5618de03a32ff6c197e),platform=Windows NT 10.0.15063 x86_64)

2019-02-28 21:02:30,021-BasePage-INFO-Had take screenshot and save to folder:/screenshots
2019-02-28 21:02:32,198-BasePage-INFO-输入内容hemei
2019-02-28 21:02:32,401-BasePage-INFO-输入内容hemeihua
2019-02-28 21:02:32,547-BasePage-INFO-this element 登录 was clicked
2019-02-28 21:02:33,101-BasePage-INFO-Had take screenshot and save to folder:/screenshots
2019-02-28 21:02:35,609-BasePage-ERROR-Failed to click the element with Message: stale element reference: element is not attached to the page document
  (Session info: chrome=71.0.3554.0)
  (Driver info: chromedriver=2.41.578737 (49da6702b16031c40d63e5618de03a32ff6c197e),platform=Windows NT 10.0.15063 x86_64)

2019-02-28 21:02:35,982-BasePage-INFO-Had take screenshot and save to folder:/screenshots
2019-02-28 21:02:38,163-BasePage-INFO-输入内容holle
2019-02-28 21:02:40,894-BasePage-INFO-输入内容good,good,good,good,good,good,good,good,good,good,good,good,good,good,
2019-02-28 21:02:43,073-BasePage-INFO-this element 发表帖子 was clicked
2019-02-28 21:02:43,496-BasePage-INFO-Had take screenshot and save to folder:/screenshots
2019-02-28 21:02:45,788-BasePage-INFO-输入内容this is a good,this is a good
2019-02-28 21:02:47,178-BasePage-ERROR-Failed to click the element with Message: stale element reference: element is not attached to the page document
  (Session info: chrome=71.0.3554.0)
  (Driver info: chromedriver=2.41.578737 (49da6702b16031c40d63e5618de03a32ff6c197e),platform=Windows NT 10.0.15063 x86_64)

2019-02-28 21:02:47,544-BasePage-INFO-Had take screenshot and save to folder:/screenshots
