2019-03-02 19:00:29,514-BrowserEngine-INFO-The test server url is :Chrome
2019-03-02 19:00:29,515-BrowserEngine-INFO-The test server url is :http://127.0.0.1/forum.php
2019-03-02 19:00:32,363-BrowserEngine-INFO-Starting Chrome browser.
2019-03-02 19:00:33,021-BrowserEngine-INFO-Open url:http://127.0.0.1/forum.php
2019-03-02 19:00:34,152-BrowserEngine-INFO-Maximize the current window.
2019-03-02 19:00:34,154-BrowserEngine-INFO-Set implicitly wate 10 seconds.
2019-03-02 19:00:34,319-BasePage-INFO-输入内容admin
2019-03-02 19:00:34,479-BasePage-INFO-输入内容hemeihua
2019-03-02 19:00:34,620-BasePage-INFO-this element 登录 was clicked
2019-03-02 19:00:35,391-BasePage-INFO-Had take screenshot and save to folder:/screenshots
2019-03-02 19:00:38,043-BasePage-ERROR-Failed to click the element with Message: stale element reference: element is not attached to the page document
  (Session info: chrome=71.0.3554.0)
  (Driver info: chromedriver=2.41.578737 (49da6702b16031c40d63e5618de03a32ff6c197e),platform=Windows NT 10.0.15063 x86_64)

2019-03-02 19:00:38,527-BasePage-INFO-Had take screenshot and save to folder:/screenshots
2019-03-02 19:00:49,077-BasePage-ERROR-<pageobjects.Discuz1_homepage.HomePage object at 0x040ED7F0>页面中未能找到('css selector', '.o input')元素
2019-03-02 19:00:49,473-BasePage-INFO-Had take screenshot and save to folder:/screenshots
2019-03-02 19:00:49,474-BasePage-ERROR-Failed to click the element with 'NoneType' object has no attribute 'click'
2019-03-02 19:00:49,844-BasePage-INFO-Had take screenshot and save to folder:/screenshots
2019-03-02 19:00:50,072-BasePage-INFO-this element 本版积分规则 was clicked
2019-03-02 19:00:50,567-BasePage-INFO-Had take screenshot and save to folder:/screenshots
2019-03-02 19:01:01,118-BasePage-ERROR-<pageobjects.Discuz1_homepage.HomePage object at 0x040ED7F0>页面中未能找到('css selector', '.o  button span')元素
2019-03-02 19:01:01,483-BasePage-INFO-Had take screenshot and save to folder:/screenshots
2019-03-02 19:01:01,483-BasePage-ERROR-Failed to click the element with 'NoneType' object has no attribute 'click'
2019-03-02 19:01:01,854-BasePage-INFO-Had take screenshot and save to folder:/screenshots
2019-03-02 19:01:04,066-BasePage-INFO-this element 管理中心 was clicked
2019-03-02 19:01:04,554-BasePage-INFO-Had take screenshot and save to folder:/screenshots
2019-03-02 19:01:12,780-BasePage-INFO-输入内容hemeihua
2019-03-02 19:01:19,263-BasePage-ERROR-Failed to click the element with Message: stale element reference: element is not attached to the page document
  (Session info: chrome=71.0.3554.0)
  (Driver info: chromedriver=2.41.578737 (49da6702b16031c40d63e5618de03a32ff6c197e),platform=Windows NT 10.0.15063 x86_64)

2019-03-02 19:01:19,621-BasePage-INFO-Had take screenshot and save to folder:/screenshots
2019-03-02 19:01:22,445-BasePage-INFO-this element 论坛 was clicked
2019-03-02 19:01:22,781-BasePage-INFO-Had take screenshot and save to folder:/screenshots
2019-03-02 19:01:27,084-BasePage-INFO-this element 添加新版块 was clicked
2019-03-02 19:01:27,440-BasePage-INFO-Had take screenshot and save to folder:/screenshots
2019-03-02 19:01:29,599-BasePage-INFO-输入内容nows
2019-03-02 19:01:31,966-BasePage-ERROR-Failed to click the element with Message: stale element reference: element is not attached to the page document
  (Session info: chrome=71.0.3554.0)
  (Driver info: chromedriver=2.41.578737 (49da6702b16031c40d63e5618de03a32ff6c197e),platform=Windows NT 10.0.15063 x86_64)

2019-03-02 19:01:32,294-BasePage-INFO-Had take screenshot and save to folder:/screenshots
2019-03-02 19:01:43,967-BasePage-ERROR-Failed to click the element with Message: stale element reference: element is not attached to the page document
  (Session info: chrome=71.0.3554.0)
  (Driver info: chromedriver=2.41.578737 (49da6702b16031c40d63e5618de03a32ff6c197e),platform=Windows NT 10.0.15063 x86_64)

2019-03-02 19:01:44,360-BasePage-INFO-Had take screenshot and save to folder:/screenshots
2019-03-02 19:01:51,750-BasePage-ERROR-Failed to click the element with Message: stale element reference: element is not attached to the page document
  (Session info: chrome=71.0.3554.0)
  (Driver info: chromedriver=2.41.578737 (49da6702b16031c40d63e5618de03a32ff6c197e),platform=Windows NT 10.0.15063 x86_64)

2019-03-02 19:01:52,103-BasePage-INFO-Had take screenshot and save to folder:/screenshots
2019-03-02 19:01:52,410-BasePage-ERROR-Failed to click the element with Message: stale element reference: element is not attached to the page document
  (Session info: chrome=71.0.3554.0)
  (Driver info: chromedriver=2.41.578737 (49da6702b16031c40d63e5618de03a32ff6c197e),platform=Windows NT 10.0.15063 x86_64)

2019-03-02 19:01:52,771-BasePage-INFO-Had take screenshot and save to folder:/screenshots
2019-03-02 19:01:55,791-BasePage-INFO-输入内容hemei
2019-03-02 19:01:55,915-BasePage-INFO-输入内容hemeihua
2019-03-02 19:02:00,169-BasePage-INFO-this element 登录 was clicked
2019-03-02 19:02:00,735-BasePage-INFO-Had take screenshot and save to folder:/screenshots
2019-03-02 19:02:03,185-BasePage-ERROR-Failed to click the element with Message: stale element reference: element is not attached to the page document
  (Session info: chrome=71.0.3554.0)
  (Driver info: chromedriver=2.41.578737 (49da6702b16031c40d63e5618de03a32ff6c197e),platform=Windows NT 10.0.15063 x86_64)

2019-03-02 19:02:03,598-BasePage-INFO-Had take screenshot and save to folder:/screenshots
2019-03-02 19:02:05,767-BasePage-INFO-输入内容holle
2019-03-02 19:02:08,445-BasePage-INFO-输入内容good,good,good,good,good,good,good,good,good,good,good,good,good,good,
2019-03-02 19:02:16,048-BasePage-ERROR-Failed to click the element with Message: stale element reference: element is not attached to the page document
  (Session info: chrome=71.0.3554.0)
  (Driver info: chromedriver=2.41.578737 (49da6702b16031c40d63e5618de03a32ff6c197e),platform=Windows NT 10.0.15063 x86_64)

2019-03-02 19:02:16,623-BasePage-INFO-Had take screenshot and save to folder:/screenshots
2019-03-02 19:02:18,874-BasePage-INFO-输入内容this is a good,this is a good
2019-03-02 19:02:19,218-BasePage-INFO-this element 发表回复 was clicked
2019-03-02 19:02:19,715-BasePage-INFO-Had take screenshot and save to folder:/screenshots
