2019-03-02 18:51:08,099-BrowserEngine-INFO-The test server url is :Chrome
2019-03-02 18:51:08,099-BrowserEngine-INFO-The test server url is :http://127.0.0.1/forum.php
2019-03-02 18:51:10,872-BrowserEngine-INFO-Starting Chrome browser.
2019-03-02 18:51:11,491-BrowserEngine-INFO-Open url:http://127.0.0.1/forum.php
2019-03-02 18:51:12,622-BrowserEngine-INFO-Maximize the current window.
2019-03-02 18:51:12,625-BrowserEngine-INFO-Set implicitly wate 10 seconds.
2019-03-02 18:51:12,847-BasePage-INFO-输入内容hemei
2019-03-02 18:51:13,059-BasePage-INFO-输入内容hemeihua
2019-03-02 18:51:13,225-BasePage-INFO-this element 登录 was clicked
2019-03-02 18:51:13,844-BasePage-INFO-Had take screenshot and save to folder:/screenshots
2019-03-02 18:51:16,475-BasePage-ERROR-Failed to click the element with Message: stale element reference: element is not attached to the page document
  (Session info: chrome=71.0.3554.0)
  (Driver info: chromedriver=2.41.578737 (49da6702b16031c40d63e5618de03a32ff6c197e),platform=Windows NT 10.0.15063 x86_64)

2019-03-02 18:51:16,864-BasePage-INFO-Had take screenshot and save to folder:/screenshots
2019-03-02 18:51:17,101-BasePage-INFO-输入内容hhhhhh
2019-03-02 18:51:17,435-BasePage-INFO-输入内容mmmmhhhhhhhhhhhhhhmm
2019-03-02 18:51:18,980-BasePage-ERROR-Failed to click the element with Message: stale element reference: element is not attached to the page document
  (Session info: chrome=71.0.3554.0)
  (Driver info: chromedriver=2.41.578737 (49da6702b16031c40d63e5618de03a32ff6c197e),platform=Windows NT 10.0.15063 x86_64)

2019-03-02 18:51:19,385-BasePage-INFO-Had take screenshot and save to folder:/screenshots
2019-03-02 18:51:21,691-BasePage-INFO-输入内容ii这是个好办法iii
2019-03-02 18:51:22,072-BasePage-INFO-this element 发表回复 was clicked
2019-03-02 18:51:22,451-BasePage-INFO-Had take screenshot and save to folder:/screenshots
